 File has been used for this event: master.csv
 Type of the imported file: csv
 Revision of the which is used: 3
 Mode of event: Insert
 Total no of records: 60
 Rows handled on each iterations (Based on your server configuration): 1
 File used to import data into: categorys (CustomPosts)
[2019-02-19 12:15:54] Message: Inserted categorys ID: 1062,  Status: publish  Click here to verify - Web View | Admin View 
[2019-02-19 12:15:55] Message: Inserted categorys ID: 1063,  Status: publish  Click here to verify - Web View | Admin View 
[2019-02-19 12:15:55] Message: Inserted categorys ID: 1064,  Status: publish  Click here to verify - Web View | Admin View 
[2019-02-19 12:15:56] Message: Inserted categorys ID: 1065,  Status: publish  Click here to verify - Web View | Admin View 
[2019-02-19 12:15:56] Message: Inserted categorys ID: 1066,  Status: publish  Click here to verify - Web View | Admin View 
[2019-02-19 12:15:57] Message: Inserted categorys ID: 1067,  Status: publish  Click here to verify - Web View | Admin View 
[2019-02-19 12:15:57] Message: Inserted categorys ID: 1068,  Status: publish  Click here to verify - Web View | Admin View 
[2019-02-19 12:15:58] Message: Inserted categorys ID: 1069,  Status: publish  Click here to verify - Web View | Admin View 
[2019-02-19 12:15:58] Message: Inserted categorys ID: 1070,  Status: publish  Click here to verify - Web View | Admin View 
[2019-02-19 12:15:59] Message: Inserted categorys ID: 1071,  Status: publish  Click here to verify - Web View | Admin View 
[2019-02-19 12:16:00] Message: Inserted categorys ID: 1072,  Status: publish  Click here to verify - Web View | Admin View 
[2019-02-19 12:16:01] Message: Inserted categorys ID: 1073,  Status: publish  Click here to verify - Web View | Admin View 
[2019-02-19 12:16:02] Message: Inserted categorys ID: 1074,  Status: publish  Click here to verify - Web View | Admin View 
[2019-02-19 12:16:02] Message: Inserted categorys ID: 1075,  Status: publish  Click here to verify - Web View | Admin View 
[2019-02-19 12:16:03] Message: Inserted categorys ID: 1076,  Status: publish  Click here to verify - Web View | Admin View 
[2019-02-19 12:16:04] Message: Inserted categorys ID: 1077,  Status: publish  Click here to verify - Web View | Admin View 
[2019-02-19 12:16:04] Message: Inserted categorys ID: 1078,  Status: publish  Click here to verify - Web View | Admin View 
[2019-02-19 12:16:05] Message: Inserted categorys ID: 1079,  Status: publish  Click here to verify - Web View | Admin View 
[2019-02-19 12:16:05] Message: Inserted categorys ID: 1080,  Status: publish  Click here to verify - Web View | Admin View 
[2019-02-19 12:16:08] Message: Inserted categorys ID: 1081,  Status: publish  Click here to verify - Web View | Admin View 
[2019-02-19 12:16:09] Message: Inserted categorys ID: 1082,  Status: publish  Click here to verify - Web View | Admin View 
[2019-02-19 12:16:13] Message: Inserted categorys ID: 1083,  Status: publish  Click here to verify - Web View | Admin View 
[2019-02-19 12:16:14] Message: Inserted categorys ID: 1084,  Status: publish  Click here to verify - Web View | Admin View 
[2019-02-19 12:16:17] Message: Inserted categorys ID: 1085,  Status: publish  Click here to verify - Web View | Admin View 
[2019-02-19 12:16:19] Message: Inserted categorys ID: 1086,  Status: publish  Click here to verify - Web View | Admin View 
[2019-02-19 12:16:19] Message: Inserted categorys ID: 1087,  Status: publish  Click here to verify - Web View | Admin View 
[2019-02-19 12:16:20] Message: Inserted categorys ID: 1088,  Status: publish  Click here to verify - Web View | Admin View 
[2019-02-19 12:16:21] Message: Inserted categorys ID: 1089,  Status: publish  Click here to verify - Web View | Admin View 
[2019-02-19 12:16:25] Message: Inserted categorys ID: 1090,  Status: publish  Click here to verify - Web View | Admin View 
