 File has been used for this event: kaijyo2.csv
 Type of the imported file: csv
 Revision of the which is used: 1
 Mode of event: Insert
 Total no of records: 148
 Rows handled on each iterations (Based on your server configuration): 1
 File used to import data into: kaijyo (CustomPosts)
[2019-02-19 11:57:16] Message: Inserted kaijyo ID: 910,  , Author :- Demo_staff Status: publish  Click here to verify - Web View | Admin View 
[2019-02-19 11:57:16] Message: Inserted kaijyo ID: 911,  Status: publish  Click here to verify - Web View | Admin View 
[2019-02-19 11:57:17] Message: Inserted kaijyo ID: 912,  Status: publish  Click here to verify - Web View | Admin View 
[2019-02-19 11:57:17] Message: Inserted kaijyo ID: 913,  Status: publish  Click here to verify - Web View | Admin View 
[2019-02-19 11:57:18] Message: Inserted kaijyo ID: 914,  Status: publish  Click here to verify - Web View | Admin View 
[2019-02-19 11:57:19] Message: Inserted kaijyo ID: 915,  Status: publish  Click here to verify - Web View | Admin View 
[2019-02-19 11:57:19] Message: Inserted kaijyo ID: 916,  Status: publish  Click here to verify - Web View | Admin View 
[2019-02-19 11:57:20] Message: Inserted kaijyo ID: 917,  Status: publish  Click here to verify - Web View | Admin View 
[2019-02-19 11:57:20] Message: Inserted kaijyo ID: 918,  Status: publish  Click here to verify - Web View | Admin View 
[2019-02-19 11:57:20] Message: Inserted kaijyo ID: 919,  Status: publish  Click here to verify - Web View | Admin View 
[2019-02-19 11:57:21] Message: Inserted kaijyo ID: 920,  Status: publish  Click here to verify - Web View | Admin View 
[2019-02-19 11:57:21] Message: Inserted kaijyo ID: 921,  Status: publish  Click here to verify - Web View | Admin View 
[2019-02-19 11:57:22] Message: Inserted kaijyo ID: 922,  Status: publish  Click here to verify - Web View | Admin View 
[2019-02-19 11:57:23] Message: Inserted kaijyo ID: 923,  Status: publish  Click here to verify - Web View | Admin View 
[2019-02-19 11:57:23] Message: Inserted kaijyo ID: 924,  Status: publish  Click here to verify - Web View | Admin View 
[2019-02-19 11:57:23] Message: Inserted kaijyo ID: 925,  Status: publish  Click here to verify - Web View | Admin View 
[2019-02-19 11:57:24] Message: Inserted kaijyo ID: 926,  Status: publish  Click here to verify - Web View | Admin View 
[2019-02-19 11:57:24] Message: Inserted kaijyo ID: 927,  Status: publish  Click here to verify - Web View | Admin View 
[2019-02-19 11:57:25] Message: Inserted kaijyo ID: 928,  Status: publish  Click here to verify - Web View | Admin View 
[2019-02-19 11:57:25] Message: Inserted kaijyo ID: 929,  Status: publish  Click here to verify - Web View | Admin View 
[2019-02-19 11:57:26] Message: Inserted kaijyo ID: 930,  Status: publish  Click here to verify - Web View | Admin View 
[2019-02-19 11:57:26] Message: Inserted kaijyo ID: 931,  Status: publish  Click here to verify - Web View | Admin View 
[2019-02-19 11:57:27] Message: Inserted kaijyo ID: 932,  Status: publish  Click here to verify - Web View | Admin View 
[2019-02-19 11:57:27] Message: Inserted kaijyo ID: 933,  Status: publish  Click here to verify - Web View | Admin View 
[2019-02-19 11:57:28] Message: Inserted kaijyo ID: 934,  Status: publish  Click here to verify - Web View | Admin View 
[2019-02-19 11:57:28] Message: Inserted kaijyo ID: 935,  Status: publish  Click here to verify - Web View | Admin View 
[2019-02-19 11:57:29] Message: Inserted kaijyo ID: 936,  Status: publish  Click here to verify - Web View | Admin View 
[2019-02-19 11:57:29] Message: Inserted kaijyo ID: 937,  Status: publish  Click here to verify - Web View | Admin View 
[2019-02-19 11:57:30] Message: Inserted kaijyo ID: 938,  Status: publish  Click here to verify - Web View | Admin View 
[2019-02-19 11:57:30] Message: Inserted kaijyo ID: 939,  Status: publish  Click here to verify - Web View | Admin View 
[2019-02-19 11:57:30] Message: Inserted kaijyo ID: 940,  Status: publish  Click here to verify - Web View | Admin View 
[2019-02-19 11:57:31] Message: Inserted kaijyo ID: 941,  Status: publish  Click here to verify - Web View | Admin View 
[2019-02-19 11:57:31] Message: Inserted kaijyo ID: 942,  Status: publish  Click here to verify - Web View | Admin View 
[2019-02-19 11:57:32] Message: Inserted kaijyo ID: 943,  Status: publish  Click here to verify - Web View | Admin View 
[2019-02-19 11:57:32] Message: Inserted kaijyo ID: 944,  Status: publish  Click here to verify - Web View | Admin View 
[2019-02-19 11:57:33] Message: Inserted kaijyo ID: 945,  Status: publish  Click here to verify - Web View | Admin View 
[2019-02-19 11:57:33] Message: Inserted kaijyo ID: 946,  Status: publish  Click here to verify - Web View | Admin View 
[2019-02-19 11:57:34] Message: Inserted kaijyo ID: 947,  Status: publish  Click here to verify - Web View | Admin View 
[2019-02-19 11:57:34] Message: Inserted kaijyo ID: 948,  Status: publish  Click here to verify - Web View | Admin View 
[2019-02-19 11:57:35] Message: Inserted kaijyo ID: 949,  Status: publish  Click here to verify - Web View | Admin View 
[2019-02-19 11:57:35] Message: Inserted kaijyo ID: 950,  Status: publish  Click here to verify - Web View | Admin View 
[2019-02-19 11:57:36] Message: Inserted kaijyo ID: 951,  Status: publish  Click here to verify - Web View | Admin View 
[2019-02-19 11:57:37] Message: Inserted kaijyo ID: 952,  Status: publish  Click here to verify - Web View | Admin View 
[2019-02-19 11:57:37] Message: Inserted kaijyo ID: 953,  Status: publish  Click here to verify - Web View | Admin View 
[2019-02-19 11:57:38] Message: Inserted kaijyo ID: 954,  Status: publish  Click here to verify - Web View | Admin View 
[2019-02-19 11:57:38] Message: Inserted kaijyo ID: 955,  Status: publish  Click here to verify - Web View | Admin View 
[2019-02-19 11:57:39] Message: Inserted kaijyo ID: 956,  Status: publish  Click here to verify - Web View | Admin View 
[2019-02-19 11:57:39] Message: Inserted kaijyo ID: 957,  Status: publish  Click here to verify - Web View | Admin View 
[2019-02-19 11:57:40] Message: Inserted kaijyo ID: 958,  Status: publish  Click here to verify - Web View | Admin View 
[2019-02-19 11:57:40] Message: Inserted kaijyo ID: 959,  Status: publish  Click here to verify - Web View | Admin View 
[2019-02-19 11:57:41] Message: Inserted kaijyo ID: 960,  Status: publish  Click here to verify - Web View | Admin View 
[2019-02-19 11:57:41] Message: Inserted kaijyo ID: 961,  Status: publish  Click here to verify - Web View | Admin View 
[2019-02-19 11:57:42] Message: Inserted kaijyo ID: 962,  Status: publish  Click here to verify - Web View | Admin View 
[2019-02-19 11:57:42] Message: Inserted kaijyo ID: 963,  Status: publish  Click here to verify - Web View | Admin View 
[2019-02-19 11:57:43] Message: Inserted kaijyo ID: 964,  Status: publish  Click here to verify - Web View | Admin View 
[2019-02-19 11:57:43] Message: Inserted kaijyo ID: 965,  Status: publish  Click here to verify - Web View | Admin View 
[2019-02-19 11:57:44] Message: Inserted kaijyo ID: 966,  Status: publish  Click here to verify - Web View | Admin View 
[2019-02-19 11:57:44] Message: Inserted kaijyo ID: 967,  Status: publish  Click here to verify - Web View | Admin View 
[2019-02-19 11:57:45] Message: Inserted kaijyo ID: 968,  Status: publish  Click here to verify - Web View | Admin View 
[2019-02-19 11:57:45] Message: Inserted kaijyo ID: 969,  Status: publish  Click here to verify - Web View | Admin View 
[2019-02-19 11:57:46] Message: Inserted kaijyo ID: 970,  Status: publish  Click here to verify - Web View | Admin View 
[2019-02-19 11:57:46] Message: Inserted kaijyo ID: 971,  Status: publish  Click here to verify - Web View | Admin View 
[2019-02-19 11:57:47] Message: Inserted kaijyo ID: 972,  Status: publish  Click here to verify - Web View | Admin View 
[2019-02-19 11:57:47] Message: Inserted kaijyo ID: 973,  Status: publish  Click here to verify - Web View | Admin View 
[2019-02-19 11:57:48] Message: Inserted kaijyo ID: 974,  Status: publish  Click here to verify - Web View | Admin View 
[2019-02-19 11:57:48] Message: Inserted kaijyo ID: 975,  Status: publish  Click here to verify - Web View | Admin View 
[2019-02-19 11:57:49] Message: Inserted kaijyo ID: 976,  Status: publish  Click here to verify - Web View | Admin View 
[2019-02-19 11:57:49] Message: Inserted kaijyo ID: 977,  Status: publish  Click here to verify - Web View | Admin View 
[2019-02-19 11:57:50] Message: Inserted kaijyo ID: 978,  Status: publish  Click here to verify - Web View | Admin View 
[2019-02-19 11:57:50] Message: Inserted kaijyo ID: 979,  Status: publish  Click here to verify - Web View | Admin View 
[2019-02-19 11:57:51] Message: Inserted kaijyo ID: 980,  Status: publish  Click here to verify - Web View | Admin View 
[2019-02-19 11:57:51] Message: Inserted kaijyo ID: 981,  Status: publish  Click here to verify - Web View | Admin View 
[2019-02-19 11:57:52] Message: Inserted kaijyo ID: 982,  Status: publish  Click here to verify - Web View | Admin View 
[2019-02-19 11:57:53] Message: Inserted kaijyo ID: 983,  Status: publish  Click here to verify - Web View | Admin View 
[2019-02-19 11:57:53] Message: Inserted kaijyo ID: 984,  Status: publish  Click here to verify - Web View | Admin View 
[2019-02-19 11:57:54] Message: Inserted kaijyo ID: 985,  Status: publish  Click here to verify - Web View | Admin View 
[2019-02-19 11:57:54] Message: Inserted kaijyo ID: 986,  Status: publish  Click here to verify - Web View | Admin View 
[2019-02-19 11:57:55] Message: Inserted kaijyo ID: 987,  Status: publish  Click here to verify - Web View | Admin View 
[2019-02-19 11:57:55] Message: Inserted kaijyo ID: 988,  Status: publish  Click here to verify - Web View | Admin View 
[2019-02-19 11:57:56] Message: Inserted kaijyo ID: 989,  Status: publish  Click here to verify - Web View | Admin View 
[2019-02-19 11:57:56] Message: Inserted kaijyo ID: 990,  Status: publish  Click here to verify - Web View | Admin View 
[2019-02-19 11:57:57] Message: Inserted kaijyo ID: 991,  Status: publish  Click here to verify - Web View | Admin View 
[2019-02-19 11:57:57] Message: Inserted kaijyo ID: 992,  Status: publish  Click here to verify - Web View | Admin View 
[2019-02-19 11:57:58] Message: Inserted kaijyo ID: 993,  Status: publish  Click here to verify - Web View | Admin View 
[2019-02-19 11:57:58] Message: Inserted kaijyo ID: 994,  Status: publish  Click here to verify - Web View | Admin View 
[2019-02-19 11:57:59] Message: Inserted kaijyo ID: 995,  Status: publish  Click here to verify - Web View | Admin View 
[2019-02-19 11:57:59] Message: Inserted kaijyo ID: 996,  Status: publish  Click here to verify - Web View | Admin View 
[2019-02-19 11:58:00] Message: Inserted kaijyo ID: 997,  Status: publish  Click here to verify - Web View | Admin View 
[2019-02-19 11:58:00] Message: Inserted kaijyo ID: 998,  Status: publish  Click here to verify - Web View | Admin View 
[2019-02-19 11:58:01] Message: Inserted kaijyo ID: 999,  Status: publish  Click here to verify - Web View | Admin View 
[2019-02-19 11:58:01] Message: Inserted kaijyo ID: 1000,  Status: publish  Click here to verify - Web View | Admin View 
[2019-02-19 11:58:02] Message: Inserted kaijyo ID: 1001,  Status: publish  Click here to verify - Web View | Admin View 
[2019-02-19 11:58:03] Message: Inserted kaijyo ID: 1002,  Status: publish  Click here to verify - Web View | Admin View 
[2019-02-19 11:58:03] Message: Inserted kaijyo ID: 1003,  Status: publish  Click here to verify - Web View | Admin View 
[2019-02-19 11:58:04] Message: Inserted kaijyo ID: 1004,  Status: publish  Click here to verify - Web View | Admin View 
[2019-02-19 11:58:04] Message: Inserted kaijyo ID: 1005,  Status: publish  Click here to verify - Web View | Admin View 
[2019-02-19 11:58:05] Message: Inserted kaijyo ID: 1006,  Status: publish  Click here to verify - Web View | Admin View 
[2019-02-19 11:58:05] Message: Inserted kaijyo ID: 1007,  Status: publish  Click here to verify - Web View | Admin View 
[2019-02-19 11:58:06] Message: Inserted kaijyo ID: 1008,  Status: publish  Click here to verify - Web View | Admin View 
[2019-02-19 11:58:06] Message: Inserted kaijyo ID: 1009,  Status: publish  Click here to verify - Web View | Admin View 
[2019-02-19 11:58:07] Message: Inserted kaijyo ID: 1010,  Status: publish  Click here to verify - Web View | Admin View 
[2019-02-19 11:58:07] Message: Inserted kaijyo ID: 1011,  Status: publish  Click here to verify - Web View | Admin View 
[2019-02-19 11:58:08] Message: Inserted kaijyo ID: 1012,  Status: publish  Click here to verify - Web View | Admin View 
[2019-02-19 11:58:08] Message: Inserted kaijyo ID: 1013,  Status: publish  Click here to verify - Web View | Admin View 
[2019-02-19 11:58:09] Message: Inserted kaijyo ID: 1014,  Status: publish  Click here to verify - Web View | Admin View 
[2019-02-19 11:58:09] Message: Inserted kaijyo ID: 1015,  Status: publish  Click here to verify - Web View | Admin View 
[2019-02-19 11:58:10] Message: Inserted kaijyo ID: 1016,  Status: publish  Click here to verify - Web View | Admin View 
[2019-02-19 11:58:10] Message: Inserted kaijyo ID: 1017,  Status: publish  Click here to verify - Web View | Admin View 
[2019-02-19 11:58:11] Message: Inserted kaijyo ID: 1018,  Status: publish  Click here to verify - Web View | Admin View 
[2019-02-19 11:58:11] Message: Inserted kaijyo ID: 1019,  Status: publish  Click here to verify - Web View | Admin View 
[2019-02-19 11:58:12] Message: Inserted kaijyo ID: 1020,  Status: publish  Click here to verify - Web View | Admin View 
[2019-02-19 11:58:12] Message: Inserted kaijyo ID: 1021,  Status: publish  Click here to verify - Web View | Admin View 
[2019-02-19 11:58:13] Message: Inserted kaijyo ID: 1022,  Status: publish  Click here to verify - Web View | Admin View 
[2019-02-19 11:58:13] Message: Inserted kaijyo ID: 1023,  Status: publish  Click here to verify - Web View | Admin View 
[2019-02-19 11:58:14] Message: Inserted kaijyo ID: 1024,  Status: publish  Click here to verify - Web View | Admin View 
[2019-02-19 11:58:14] Message: Inserted kaijyo ID: 1025,  Status: publish  Click here to verify - Web View | Admin View 
[2019-02-19 11:58:15] Message: Inserted kaijyo ID: 1026,  Status: publish  Click here to verify - Web View | Admin View 
[2019-02-19 11:58:15] Message: Inserted kaijyo ID: 1027,  Status: publish  Click here to verify - Web View | Admin View 
[2019-02-19 11:58:16] Message: Inserted kaijyo ID: 1028,  Status: publish  Click here to verify - Web View | Admin View 
[2019-02-19 11:58:16] Message: Inserted kaijyo ID: 1029,  Status: publish  Click here to verify - Web View | Admin View 
[2019-02-19 11:58:17] Message: Inserted kaijyo ID: 1030,  Status: publish  Click here to verify - Web View | Admin View 
[2019-02-19 11:58:17] Message: Inserted kaijyo ID: 1031,  Status: publish  Click here to verify - Web View | Admin View 
[2019-02-19 11:58:18] Message: Inserted kaijyo ID: 1032,  Status: publish  Click here to verify - Web View | Admin View 
[2019-02-19 11:58:18] Message: Inserted kaijyo ID: 1033,  Status: publish  Click here to verify - Web View | Admin View 
[2019-02-19 11:58:19] Message: Inserted kaijyo ID: 1034,  Status: publish  Click here to verify - Web View | Admin View 
[2019-02-19 11:58:19] Message: Inserted kaijyo ID: 1035,  Status: publish  Click here to verify - Web View | Admin View 
[2019-02-19 11:58:20] Message: Inserted kaijyo ID: 1036,  Status: publish  Click here to verify - Web View | Admin View 
[2019-02-19 11:58:20] Message: Inserted kaijyo ID: 1037,  Status: publish  Click here to verify - Web View | Admin View 
[2019-02-19 11:58:21] Message: Inserted kaijyo ID: 1038,  Status: publish  Click here to verify - Web View | Admin View 
[2019-02-19 11:58:22] Message: Inserted kaijyo ID: 1039,  Status: publish  Click here to verify - Web View | Admin View 
[2019-02-19 11:58:22] Message: Inserted kaijyo ID: 1040,  Status: publish  Click here to verify - Web View | Admin View 
[2019-02-19 11:58:23] Message: Inserted kaijyo ID: 1041,  Status: publish  Click here to verify - Web View | Admin View 
[2019-02-19 11:58:23] Message: Inserted kaijyo ID: 1042,  Status: publish  Click here to verify - Web View | Admin View 
[2019-02-19 11:58:24] Message: Inserted kaijyo ID: 1043,  Status: publish  Click here to verify - Web View | Admin View 
[2019-02-19 11:58:24] Message: Inserted kaijyo ID: 1044,  Status: publish  Click here to verify - Web View | Admin View 
[2019-02-19 11:58:25] Message: Inserted kaijyo ID: 1045,  Status: publish  Click here to verify - Web View | Admin View 
[2019-02-19 11:58:25] Message: Inserted kaijyo ID: 1046,  Status: publish  Click here to verify - Web View | Admin View 
[2019-02-19 11:58:26] Message: Inserted kaijyo ID: 1047,  Status: publish  Click here to verify - Web View | Admin View 
[2019-02-19 11:58:26] Message: Inserted kaijyo ID: 1048,  Status: publish  Click here to verify - Web View | Admin View 
[2019-02-19 11:58:27] Message: Inserted kaijyo ID: 1049,  Status: publish  Click here to verify - Web View | Admin View 
[2019-02-19 11:58:27] Message: Inserted kaijyo ID: 1050,  Status: publish  Click here to verify - Web View | Admin View 
[2019-02-19 11:58:28] Message: Inserted kaijyo ID: 1051,  Status: publish  Click here to verify - Web View | Admin View 
[2019-02-19 11:58:28] Message: Inserted kaijyo ID: 1052,  Status: publish  Click here to verify - Web View | Admin View 
[2019-02-19 11:58:29] Message: Inserted kaijyo ID: 1053,  Status: publish  Click here to verify - Web View | Admin View 
[2019-02-19 11:58:29] Message: Inserted kaijyo ID: 1054,  Status: publish  Click here to verify - Web View | Admin View 
[2019-02-19 11:58:30] Message: Inserted kaijyo ID: 1055,  Status: publish  Click here to verify - Web View | Admin View 
[2019-02-19 11:58:30] Message: Inserted kaijyo ID: 1056,  Status: publish  Click here to verify - Web View | Admin View 
[2019-02-19 11:58:31] Message: Inserted kaijyo ID: 1057,  Status: publish  Click here to verify - Web View | Admin View 
